<?xml version="1.0" encoding="UTF-8"?>
<testng-results ignored="0" total="1" passed="1" failed="0" skipped="0">
  <reporter-output>
  </reporter-output>
  <suite started-at="2023-10-17T11:51:18Z" name="Suite1" finished-at="2023-10-17T11:51:24Z" duration-ms="5624">
    <groups>
      <group name="ee">
        <method signature="TC002.test_the_apllication()[pri:0, instance:testScenarios.TC002@24569dba]" name="test_the_apllication" class="testScenarios.TC002"/>
      </group> <!-- ee -->
    </groups>
    <test started-at="2023-10-17T11:51:18Z" name="Test Automation" finished-at="2023-10-17T11:51:24Z" duration-ms="5624">
      <class name="testScenarios.TC002">
        <test-method is-config="true" signature="setUp(java.lang.String)[pri:0, instance:testScenarios.TC002@24569dba]" started-at="2023-10-17T17:21:18Z" name="setUp" finished-at="2023-10-17T17:21:24Z" duration-ms="5126" status="PASS">
          <params>
            <param index="0">
              <value>
                <![CDATA[https://www.gamesforthebrain.com/game/checkers/]]>
              </value>
            </param>
          </params>
          <reporter-output>
          </reporter-output>
        </test-method> <!-- setUp -->
        <test-method signature="test_the_apllication()[pri:0, instance:testScenarios.TC002@24569dba]" started-at="2023-10-17T17:21:24Z" name="test_the_apllication" finished-at="2023-10-17T17:21:24Z" duration-ms="480" status="PASS">
          <reporter-output>
          </reporter-output>
        </test-method> <!-- test_the_apllication -->
      </class> <!-- testScenarios.TC002 -->
    </test> <!-- Test Automation -->
  </suite> <!-- Suite1 -->
</testng-results>
