<?xml version="1.0" encoding="UTF-8"?>
<testng-results ignored="0" total="1" passed="1" failed="0" skipped="0">
  <reporter-output>
  </reporter-output>
  <suite started-at="2023-09-17T11:32:18Z" name="Suite1" finished-at="2023-09-17T11:32:19Z" duration-ms="30">
    <groups>
    </groups>
    <test started-at="2023-09-17T11:32:18Z" name="Test Automation" finished-at="2023-09-17T11:32:19Z" duration-ms="30">
      <class name="testScenarios.TC002">
        <test-method signature="test_the_apllication()[pri:0, instance:testScenarios.TC002@738dc9b]" started-at="2023-09-17T17:02:18Z" name="test_the_apllication" finished-at="2023-09-17T17:02:19Z" duration-ms="8" status="PASS">
          <reporter-output>
          </reporter-output>
        </test-method> <!-- test_the_apllication -->
      </class> <!-- testScenarios.TC002 -->
    </test> <!-- Test Automation -->
  </suite> <!-- Suite1 -->
</testng-results>
