<?xml version="1.0" encoding="UTF-8"?>
<testng-results ignored="0" total="1" passed="1" failed="0" skipped="0">
  <reporter-output>
  </reporter-output>
  <suite started-at="2023-10-11T16:25:01Z" name="Default suite" finished-at="2023-10-11T16:25:06Z" duration-ms="4964">
    <groups>
    </groups>
    <test started-at="2023-10-11T16:25:01Z" name="Default test" finished-at="2023-10-11T16:25:06Z" duration-ms="4964">
      <class name="testScenarios.TC002">
        <test-method is-config="true" signature="setUp(java.lang.String)[pri:0, instance:testScenarios.TC002@27eedb64]" started-at="2023-10-11T21:55:01Z" name="setUp" finished-at="2023-10-11T21:55:05Z" duration-ms="4613" status="PASS">
          <params>
            <param index="0">
              <value>
                <![CDATA[https://www.gamesforthebrain.com/game/checkers/]]>
              </value>
            </param>
          </params>
          <reporter-output>
          </reporter-output>
        </test-method> <!-- setUp -->
        <test-method signature="test_the_apllication()[pri:0, instance:testScenarios.TC002@27eedb64]" started-at="2023-10-11T21:55:05Z" name="test_the_apllication" finished-at="2023-10-11T21:55:06Z" duration-ms="328" status="PASS">
          <reporter-output>
          </reporter-output>
        </test-method> <!-- test_the_apllication -->
      </class> <!-- testScenarios.TC002 -->
    </test> <!-- Default test -->
  </suite> <!-- Default suite -->
</testng-results>
